This is pdfTeX, Version 3.141592653-2.6-1.40.26 (TeX Live 2025/dev/Debian) (preloaded format=pdflatex 2025.11.1)  16 DEC 2025 17:51
entering extended mode
 restricted \write18 enabled.
 file:line:error style messages enabled.
 %&-line parsing enabled.
**/home/kenobi/Documenti/GitHub/TechWeb-Progetto/documentazione/documentazione.tex
(/home/kenobi/Documenti/GitHub/TechWeb-Progetto/documentazione/documentazione.tex
LaTeX2e <2024-11-01> patch level 2
L3 programming layer <2025-01-18>
(/usr/share/texlive/texmf-dist/tex/latex/base/article.cls
Document Class: article 2024/06/29 v1.4n Standard LaTeX document class
(/usr/share/texlive/texmf-dist/tex/latex/base/size12.clo
File: size12.clo 2024/06/29 v1.4n Standard LaTeX file (size option)
)
\c@part=\count196
\c@section=\count197
\c@subsection=\count198
\c@subsubsection=\count199
\c@paragraph=\count266
\c@subparagraph=\count267
\c@figure=\count268
\c@table=\count269
\abovecaptionskip=\skip49
\belowcaptionskip=\skip50
\bibindent=\dimen141
) (/usr/share/texlive/texmf-dist/tex/latex/base/inputenc.sty
Package: inputenc 2024/02/08 v1.3d Input encoding file
\inpenc@prehook=\toks17
\inpenc@posthook=\toks18


! LaTeX Error: File `utf-8.def' not found.

Type X to quit or <RETURN> to proceed,
or enter new name. (Default extension: def)

Enter file name: 
/usr/share/texlive/texmf-dist/tex/latex/base/inputenc.sty:164: Emergency stop.
<read *> 
         
l.164 \endinput
               ^^M
*** (cannot \read from terminal in nonstop modes)

 
Here is how much of TeX's memory you used:
 264 strings out of 475094
 3676 string characters out of 5764481
 387125 words of memory out of 5000000
 23355 multiletter control sequences out of 15000+600000
 559135 words of font info for 37 fonts, out of 8000000 for 9000
 59 hyphenation exceptions out of 8191
 36i,0n,49p,221b,36s stack positions out of 10000i,1000n,20000p,200000b,200000s
/usr/share/texlive/texmf-dist/tex/latex/base/inputenc.sty:164:  ==> Fatal error occurred, no output PDF file produced!
